<?xml version="1.0" encoding="UTF-8"?>
<!-- Generated by org.testng.reporters.JUnitReportReporter -->
<testsuite hostname="win7-20" name="GoogleTest" tests="1" failures="0" timestamp="13 Sep 2016 18:14:57 GMT" time="5.186" errors="0">
  <testcase name="titleTest" time="5.186" classname="GoogleTest"/>
</testsuite> <!-- GoogleTest -->
