<?xml version="1.0" encoding="UTF-8"?>
<!-- Generated by org.testng.reporters.JUnitReportReporter -->
<testsuite hostname="win7-20" name="GoogleTest" tests="1" failures="0" timestamp="13 Sep 2016 17:18:02 GMT" time="5.576" errors="0">
  <testcase name="titleTest" time="5.576" classname="GoogleTest"/>
</testsuite> <!-- GoogleTest -->
